p/1585494504658.jpg 1 0 0 800 600
p/1585494504659.jpg 1 0 0 800 600
p/1585494504660.jpg 1 0 0 800 600
p/1585494504661.jpg 1 0 0 800 600
p/1585494504662.jpg 1 0 0 800 600
p/1585494504663.jpg 1 0 0 800 600
p/1585494504664.jpg 1 0 0 800 600
p/1585494504665.jpg 1 0 0 800 600
p/1585494504666.jpg 1 0 0 800 600
p/1585494504667.jpg 1 0 0 800 600
p/1585494504590.jpg 1 0 0 800 600
p/1585494504591.jpg 1 0 0 800 600
p/1585494504592.jpg 1 0 0 800 600
p/1585494504593.jpg 1 0 0 800 600
p/1585494504594.jpg 1 0 0 800 600
p/1585494504595.jpg 1 0 0 800 600
p/1585494504596.jpg 1 0 0 800 600
p/1585494504597.jpg 1 0 0 800 600
p/1585494504598.jpg 1 0 0 800 600
p/1585494504599.jpg 1 0 0 800 600
p/1585494504600.jpg 1 0 0 800 600
p/1585494504602.jpg 1 0 0 800 600
p/1585494504603.jpg 1 0 0 800 600
p/1585494504604.jpg 1 0 0 800 600
p/1585494504605.jpg 1 0 0 800 600
p/1585494504606.jpg 1 0 0 800 600
p/1585494504607.jpg 1 0 0 800 600
p/1585494504608.jpg 1 0 0 800 600
p/1585494504609.jpg 1 0 0 800 600
p/1585494504610.jpg 1 0 0 800 600
p/1585494504611.jpg 1 0 0 800 600
p/1585494504612.jpg 1 0 0 800 600
p/1585494504613.jpg 1 0 0 800 600
p/1585494504614.jpg 1 0 0 800 600
p/1585494504615.jpg 1 0 0 800 600
p/1585494504616.jpg 1 0 0 800 600
p/1585494504617.jpg 1 0 0 800 600
p/1585494504618.jpg 1 0 0 800 600
p/1585494504619.jpg 1 0 0 800 600
p/1585494504620.jpg 1 0 0 800 600
p/1585494504621.jpg 1 0 0 800 600
p/1585494504622.jpg 1 0 0 800 600
p/1585494504623.jpg 1 0 0 800 600
p/1585494504624.jpg 1 0 0 800 600
p/1585494504625.jpg 1 0 0 800 600
p/1585494504626.jpg 1 0 0 800 600
p/1585494504627.jpg 1 0 0 800 600
p/1585494504628.jpg 1 0 0 800 600
p/1585494504629.jpg 1 0 0 800 600
p/1585494504630.jpg 1 0 0 800 600
p/1585494504631.jpg 1 0 0 800 600
p/1585494504632.jpg 1 0 0 800 600
p/1585494504633.jpg 1 0 0 800 600
p/1585494504634.jpg 1 0 0 800 600
p/1585494504635.jpg 1 0 0 800 600
p/1585494504636.jpg 1 0 0 800 600
p/1585494504637.jpg 1 0 0 800 600
p/1585494504638.jpg 1 0 0 800 600
p/1585494504639.jpg 1 0 0 800 600
p/1585494504640.jpg 1 0 0 800 600
p/1585494504641.jpg 1 0 0 800 600
p/1585494504642.jpg 1 0 0 800 600
p/1585494504643.jpg 1 0 0 800 600
p/1585494504644.jpg 1 0 0 800 600
p/1585494504645.jpg 1 0 0 800 600
p/1585494504646.jpg 1 0 0 800 600
p/1585494504647.jpg 1 0 0 800 600
p/1585494504648.jpg 1 0 0 800 600
p/1585494504649.jpg 1 0 0 800 600
p/1585494504650.jpg 1 0 0 800 600
p/1585494504651.jpg 1 0 0 800 600
p/1585494504652.jpg 1 0 0 800 600
p/1585494504653.jpg 1 0 0 800 600
p/1585494504654.jpg 1 0 0 800 600
p/1585494504655.jpg 1 0 0 800 600
p/1585494504656.jpg 1 0 0 800 600
p/1585494504657.jpg 1 0 0 800 600
p/1585494504529.jpg 1 0 0 800 600
p/1585494504531.jpg 1 0 0 800 600
p/1585494504533.jpg 1 0 0 800 600
p/1585494504535.jpg 1 0 0 800 600
p/1585494504536.jpg 1 0 0 800 600
p/1585494504537.jpg 1 0 0 800 600
p/1585494504538.jpg 1 0 0 800 600
p/1585494504539.jpg 1 0 0 800 600
p/1585494504540.jpg 1 0 0 800 600
p/1585494504541.jpg 1 0 0 800 600
p/1585494504542.jpg 1 0 0 800 600
p/1585494504543.jpg 1 0 0 800 600
p/1585494504544.jpg 1 0 0 800 600
p/1585494504545.jpg 1 0 0 800 600
p/1585494504546.jpg 1 0 0 800 600
p/1585494504547.jpg 1 0 0 800 600
p/1585494504548.jpg 1 0 0 800 600
p/1585494504549.jpg 1 0 0 800 600
p/1585494504550.jpg 1 0 0 800 600
p/1585494504551.jpg 1 0 0 800 600
p/1585494504552.jpg 1 0 0 800 600
p/1585494504553.jpg 1 0 0 800 600
p/1585494504554.jpg 1 0 0 800 600
p/1585494504555.jpg 1 0 0 800 600
p/1585494504556.jpg 1 0 0 800 600
p/1585494504557.jpg 1 0 0 800 600
p/1585494504558.jpg 1 0 0 800 600
p/1585494504559.jpg 1 0 0 800 600
p/1585494504560.jpg 1 0 0 800 600
p/1585494504561.jpg 1 0 0 800 600
p/1585494504562.jpg 1 0 0 800 600
p/1585494504563.jpg 1 0 0 800 600
p/1585494504564.jpg 1 0 0 800 600
p/1585494504565.jpg 1 0 0 800 600
p/1585494504566.jpg 1 0 0 800 600
p/1585494504567.jpg 1 0 0 800 600
p/1585494504568.jpg 1 0 0 800 600
p/1585494504569.jpg 1 0 0 800 600
p/1585494504570.jpg 1 0 0 800 600
p/1585494504571.jpg 1 0 0 800 600
p/1585494504572.jpg 1 0 0 800 600
p/1585494504573.jpg 1 0 0 800 600
p/1585494504574.jpg 1 0 0 800 600
p/1585494504575.jpg 1 0 0 800 600
p/1585494504576.jpg 1 0 0 800 600
p/1585494504577.jpg 1 0 0 800 600
p/1585494504578.jpg 1 0 0 800 600
p/1585494504579.jpg 1 0 0 800 600
p/1585494504580.jpg 1 0 0 800 600
p/1585494504581.jpg 1 0 0 800 600
p/1585494504582.jpg 1 0 0 800 600
p/1585494504583.jpg 1 0 0 800 600
p/1585494504584.jpg 1 0 0 800 600
p/1585494504585.jpg 1 0 0 800 600
p/1585494504586.jpg 1 0 0 800 600
p/1585494504587.jpg 1 0 0 800 600
p/1585494504588.jpg 1 0 0 800 600
p/1585494504589.jpg 1 0 0 800 600
p/1585494480851.jpg 1 0 0 800 600
p/1585494480866.jpg 1 0 0 800 600
p/1585494504515.jpg 1 0 0 800 600
p/1585494504516.jpg 1 0 0 800 600
p/1585494504518.jpg 1 0 0 800 600
p/1585494504520.jpg 1 0 0 800 600
p/1585494504521.jpg 1 0 0 800 600
p/1585494504523.jpg 1 0 0 800 600
p/1585494504524.jpg 1 0 0 800 600
p/1585494504526.jpg 1 0 0 800 600
p/1585494504528.jpg 1 0 0 800 600